<?xml version="1.0" encoding="utf-8"?><testsuites name="pytest tests"><testsuite name="pytest" errors="0" failures="0" skipped="0" tests="198" time="12.607" timestamp="2026-06-28T14:51:08.746742-03:00" hostname="DESKTOP-IVP2TT0"><testcase classname="imbens.metrics.tests.test_classification" name="test_sensitivity_specificity_score_binary" time="0.032" /><testcase classname="imbens.metrics.tests.test_classification" name="test_sensitivity_specificity_f_binary_single_class[y_pred0-1.0-0.0]" time="0.004" /><testcase classname="imbens.metrics.tests.test_classification" name="test_sensitivity_specificity_f_binary_single_class[y_pred1-0.0-0.0]" time="0.003" /><testcase classname="imbens.metrics.tests.test_classification" name="test_sensitivity_specificity_extra_labels[None-expected_specificty0]" time="0.002" /><testcase classname="imbens.metrics.tests.test_classification" name="test_sensitivity_specificity_extra_labels[macro-0.9339999999999999]" time="0.002" /><testcase classname="imbens.metrics.tests.test_classification" name="test_sensitivity_specificity_extra_labels[micro-0.9375]" time="0.003" /><testcase classname="imbens.metrics.tests.test_classification" name="test_sensitivity_specificity_ignored_labels" time="0.009" /><testcase classname="imbens.metrics.tests.test_classification" name="test_sensitivity_specificity_error_multilabels" time="0.006" /><testcase classname="imbens.metrics.tests.test_classification" name="test_sensitivity_specificity_support_errors" time="0.007" /><testcase classname="imbens.metrics.tests.test_classification" name="test_sensitivity_specificity_unused_pos_label" time="0.002" /><testcase classname="imbens.metrics.tests.test_classification" name="test_geometric_mean_support_binary" time="0.008" /><testcase classname="imbens.metrics.tests.test_classification" name="test_geometric_mean_multiclass[y_true0-y_pred0-0.0-1.0]" time="0.002" /><testcase classname="imbens.metrics.tests.test_classification" name="test_geometric_mean_multiclass[y_true1-y_pred1-0.0-0.0]" time="0.002" /><testcase classname="imbens.metrics.tests.test_classification" name="test_geometric_mean_multiclass[y_true2-y_pred2-0.001-1.0]" time="0.002" /><testcase classname="imbens.metrics.tests.test_classification" name="test_geometric_mean_multiclass[y_true3-y_pred3-0.001-0.001]" time="0.002" /><testcase classname="imbens.metrics.tests.test_classification" name="test_geometric_mean_multiclass[y_true4-y_pred4-0.001-0.5]" time="0.002" /><testcase classname="imbens.metrics.tests.test_classification" name="test_geometric_mean_multiclass[y_true5-y_pred5-0.001-0.010000000000000002]" time="0.002" /><testcase classname="imbens.metrics.tests.test_classification" name="test_geometric_mean_multiclass[y_true6-y_pred6-0.001-1]" time="0.002" /><testcase classname="imbens.metrics.tests.test_classification" name="test_geometric_mean_multiclass[y_true7-y_pred7-0.001-0.6123724356957945]" time="0.003" /><testcase classname="imbens.metrics.tests.test_classification" name="test_geometric_mean_average[y_true0-y_pred0-macro-0.471]" time="0.002" /><testcase classname="imbens.metrics.tests.test_classification" name="test_geometric_mean_average[y_true1-y_pred1-micro-0.471]" time="0.002" /><testcase classname="imbens.metrics.tests.test_classification" name="test_geometric_mean_average[y_true2-y_pred2-weighted-0.471]" time="0.002" /><testcase classname="imbens.metrics.tests.test_classification" name="test_geometric_mean_average[y_true3-y_pred3-None-expected_gmean3]" time="0.002" /><testcase classname="imbens.metrics.tests.test_classification" name="test_geometric_mean_sample_weight[y_true0-y_pred0-None-multiclass-0.707]" time="0.003" /><testcase classname="imbens.metrics.tests.test_classification" name="test_geometric_mean_sample_weight[y_true1-y_pred1-sample_weight1-multiclass-0.707]" time="0.003" /><testcase classname="imbens.metrics.tests.test_classification" name="test_geometric_mean_sample_weight[y_true2-y_pred2-sample_weight2-weighted-0.333]" time="0.002" /><testcase classname="imbens.metrics.tests.test_classification" name="test_geometric_mean_score_prediction[multiclass-0.41]" time="0.012" /><testcase classname="imbens.metrics.tests.test_classification" name="test_geometric_mean_score_prediction[None-expected_gmean1]" time="0.012" /><testcase classname="imbens.metrics.tests.test_classification" name="test_geometric_mean_score_prediction[macro-0.68]" time="0.011" /><testcase classname="imbens.metrics.tests.test_classification" name="test_geometric_mean_score_prediction[weighted-0.65]" time="0.012" /><testcase classname="imbens.metrics.tests.test_classification" name="test_iba_geo_mean_binary" time="0.009" /><testcase classname="imbens.metrics.tests.test_classification" name="test_classification_report_imbalanced_multiclass" time="0.021" /><testcase classname="imbens.metrics.tests.test_classification" name="test_classification_report_imbalanced_multiclass_with_digits" time="0.020" /><testcase classname="imbens.metrics.tests.test_classification" name="test_classification_report_imbalanced_multiclass_with_string_label" time="0.021" /><testcase classname="imbens.metrics.tests.test_classification" name="test_classification_report_imbalanced_multiclass_with_unicode_label" time="0.016" /><testcase classname="imbens.metrics.tests.test_classification" name="test_classification_report_imbalanced_multiclass_with_long_string_label" time="0.016" /><testcase classname="imbens.metrics.tests.test_classification" name="test_iba_sklearn_metrics[accuracy_score-0.54756]" time="0.008" /><testcase classname="imbens.metrics.tests.test_classification" name="test_iba_sklearn_metrics[jaccard_score-0.33176]" time="0.010" /><testcase classname="imbens.metrics.tests.test_classification" name="test_iba_sklearn_metrics[precision_score-0.65025]" time="0.010" /><testcase classname="imbens.metrics.tests.test_classification" name="test_iba_sklearn_metrics[recall_score-0.41616]" time="0.009" /><testcase classname="imbens.metrics.tests.test_classification" name="test_iba_error_y_score_prob_error[average_precision_score]" time="0.008" /><testcase classname="imbens.metrics.tests.test_classification" name="test_iba_error_y_score_prob_error[brier_score_loss]" time="0.007" /><testcase classname="imbens.metrics.tests.test_classification" name="test_iba_error_y_score_prob_error[cohen_kappa_score]" time="0.007" /><testcase classname="imbens.metrics.tests.test_classification" name="test_iba_error_y_score_prob_error[roc_auc_score]" time="0.007" /><testcase classname="imbens.metrics.tests.test_classification" name="test_classification_report_imbalanced_dict" time="0.015" /><testcase classname="imbens.metrics.tests.test_classification" name="test_macro_averaged_mean_absolute_error[y_true0-y_pred0-0.333]" time="0.003" /><testcase classname="imbens.metrics.tests.test_classification" name="test_macro_averaged_mean_absolute_error[y_true1-y_pred1-0.2]" time="0.002" /><testcase classname="imbens.metrics.tests.test_classification" name="test_macro_averaged_mean_absolute_error[y_true2-y_pred2-0.555]" time="0.002" /><testcase classname="imbens.metrics.tests.test_classification" name="test_macro_averaged_mean_absolute_error[y_true3-y_pred3-0.166]" time="0.003" /><testcase classname="imbens.metrics.tests.test_classification" name="test_macro_averaged_mean_absolute_error_sample_weight" time="0.004" /><testcase classname="imbens.metrics.tests.test_pairwise" name="test_value_difference_metric[True-list-1-1-int32]" time="0.005" /><testcase classname="imbens.metrics.tests.test_pairwise" name="test_value_difference_metric[True-list-1-1-int64]" time="0.004" /><testcase classname="imbens.metrics.tests.test_pairwise" name="test_value_difference_metric[True-list-1-1-float32]" time="0.006" /><testcase classname="imbens.metrics.tests.test_pairwise" name="test_value_difference_metric[True-list-1-1-float64]" time="0.004" /><testcase classname="imbens.metrics.tests.test_pairwise" name="test_value_difference_metric[True-list-1-2-int32]" time="0.004" /><testcase classname="imbens.metrics.tests.test_pairwise" name="test_value_difference_metric[True-list-1-2-int64]" time="0.004" /><testcase classname="imbens.metrics.tests.test_pairwise" name="test_value_difference_metric[True-list-1-2-float32]" time="0.004" /><testcase classname="imbens.metrics.tests.test_pairwise" name="test_value_difference_metric[True-list-1-2-float64]" time="0.004" /><testcase classname="imbens.metrics.tests.test_pairwise" name="test_value_difference_metric[True-list-2-1-int32]" time="0.005" /><testcase classname="imbens.metrics.tests.test_pairwise" name="test_value_difference_metric[True-list-2-1-int64]" time="0.004" /><testcase classname="imbens.metrics.tests.test_pairwise" name="test_value_difference_metric[True-list-2-1-float32]" time="0.004" /><testcase classname="imbens.metrics.tests.test_pairwise" name="test_value_difference_metric[True-list-2-1-float64]" time="0.005" /><testcase classname="imbens.metrics.tests.test_pairwise" name="test_value_difference_metric[True-list-2-2-int32]" time="0.010" /><testcase classname="imbens.metrics.tests.test_pairwise" name="test_value_difference_metric[True-list-2-2-int64]" time="0.007" /><testcase classname="imbens.metrics.tests.test_pairwise" name="test_value_difference_metric[True-list-2-2-float32]" time="0.006" /><testcase classname="imbens.metrics.tests.test_pairwise" name="test_value_difference_metric[True-list-2-2-float64]" time="0.005" /><testcase classname="imbens.metrics.tests.test_pairwise" name="test_value_difference_metric[True-array-1-1-int32]" time="0.004" /><testcase classname="imbens.metrics.tests.test_pairwise" name="test_value_difference_metric[True-array-1-1-int64]" time="0.006" /><testcase classname="imbens.metrics.tests.test_pairwise" name="test_value_difference_metric[True-array-1-1-float32]" time="0.004" /><testcase classname="imbens.metrics.tests.test_pairwise" name="test_value_difference_metric[True-array-1-1-float64]" time="0.004" /><testcase classname="imbens.metrics.tests.test_pairwise" name="test_value_difference_metric[True-array-1-2-int32]" time="0.004" /><testcase classname="imbens.metrics.tests.test_pairwise" name="test_value_difference_metric[True-array-1-2-int64]" time="0.004" /><testcase classname="imbens.metrics.tests.test_pairwise" name="test_value_difference_metric[True-array-1-2-float32]" time="0.004" /><testcase classname="imbens.metrics.tests.test_pairwise" name="test_value_difference_metric[True-array-1-2-float64]" time="0.005" /><testcase classname="imbens.metrics.tests.test_pairwise" name="test_value_difference_metric[True-array-2-1-int32]" time="0.004" /><testcase classname="imbens.metrics.tests.test_pairwise" name="test_value_difference_metric[True-array-2-1-int64]" time="0.004" /><testcase classname="imbens.metrics.tests.test_pairwise" name="test_value_difference_metric[True-array-2-1-float32]" time="0.005" /><testcase classname="imbens.metrics.tests.test_pairwise" name="test_value_difference_metric[True-array-2-1-float64]" time="0.004" /><testcase classname="imbens.metrics.tests.test_pairwise" name="test_value_difference_metric[True-array-2-2-int32]" time="0.004" /><testcase classname="imbens.metrics.tests.test_pairwise" name="test_value_difference_metric[True-array-2-2-int64]" time="0.005" /><testcase classname="imbens.metrics.tests.test_pairwise" name="test_value_difference_metric[True-array-2-2-float32]" time="0.004" /><testcase classname="imbens.metrics.tests.test_pairwise" name="test_value_difference_metric[True-array-2-2-float64]" time="0.004" /><testcase classname="imbens.metrics.tests.test_pairwise" name="test_value_difference_metric[False-list-1-1-int32]" time="0.004" /><testcase classname="imbens.metrics.tests.test_pairwise" name="test_value_difference_metric[False-list-1-1-int64]" time="0.004" /><testcase classname="imbens.metrics.tests.test_pairwise" name="test_value_difference_metric[False-list-1-1-float32]" time="0.004" /><testcase classname="imbens.metrics.tests.test_pairwise" name="test_value_difference_metric[False-list-1-1-float64]" time="0.005" /><testcase classname="imbens.metrics.tests.test_pairwise" name="test_value_difference_metric[False-list-1-2-int32]" time="0.004" /><testcase classname="imbens.metrics.tests.test_pairwise" name="test_value_difference_metric[False-list-1-2-int64]" time="0.004" /><testcase classname="imbens.metrics.tests.test_pairwise" name="test_value_difference_metric[False-list-1-2-float32]" time="0.004" /><testcase classname="imbens.metrics.tests.test_pairwise" name="test_value_difference_metric[False-list-1-2-float64]" time="0.004" /><testcase classname="imbens.metrics.tests.test_pairwise" name="test_value_difference_metric[False-list-2-1-int32]" time="0.004" /><testcase classname="imbens.metrics.tests.test_pairwise" name="test_value_difference_metric[False-list-2-1-int64]" time="0.004" /><testcase classname="imbens.metrics.tests.test_pairwise" name="test_value_difference_metric[False-list-2-1-float32]" time="0.004" /><testcase classname="imbens.metrics.tests.test_pairwise" name="test_value_difference_metric[False-list-2-1-float64]" time="0.004" /><testcase classname="imbens.metrics.tests.test_pairwise" name="test_value_difference_metric[False-list-2-2-int32]" time="0.006" /><testcase classname="imbens.metrics.tests.test_pairwise" name="test_value_difference_metric[False-list-2-2-int64]" time="0.004" /><testcase classname="imbens.metrics.tests.test_pairwise" name="test_value_difference_metric[False-list-2-2-float32]" time="0.004" /><testcase classname="imbens.metrics.tests.test_pairwise" name="test_value_difference_metric[False-list-2-2-float64]" time="0.005" /><testcase classname="imbens.metrics.tests.test_pairwise" name="test_value_difference_metric[False-array-1-1-int32]" time="0.004" /><testcase classname="imbens.metrics.tests.test_pairwise" name="test_value_difference_metric[False-array-1-1-int64]" time="0.004" /><testcase classname="imbens.metrics.tests.test_pairwise" name="test_value_difference_metric[False-array-1-1-float32]" time="0.005" /><testcase classname="imbens.metrics.tests.test_pairwise" name="test_value_difference_metric[False-array-1-1-float64]" time="0.004" /><testcase classname="imbens.metrics.tests.test_pairwise" name="test_value_difference_metric[False-array-1-2-int32]" time="0.004" /><testcase classname="imbens.metrics.tests.test_pairwise" name="test_value_difference_metric[False-array-1-2-int64]" time="0.005" /><testcase classname="imbens.metrics.tests.test_pairwise" name="test_value_difference_metric[False-array-1-2-float32]" time="0.004" /><testcase classname="imbens.metrics.tests.test_pairwise" name="test_value_difference_metric[False-array-1-2-float64]" time="0.005" /><testcase classname="imbens.metrics.tests.test_pairwise" name="test_value_difference_metric[False-array-2-1-int32]" time="0.004" /><testcase classname="imbens.metrics.tests.test_pairwise" name="test_value_difference_metric[False-array-2-1-int64]" time="0.004" /><testcase classname="imbens.metrics.tests.test_pairwise" name="test_value_difference_metric[False-array-2-1-float32]" time="0.004" /><testcase classname="imbens.metrics.tests.test_pairwise" name="test_value_difference_metric[False-array-2-1-float64]" time="0.005" /><testcase classname="imbens.metrics.tests.test_pairwise" name="test_value_difference_metric[False-array-2-2-int32]" time="0.008" /><testcase classname="imbens.metrics.tests.test_pairwise" name="test_value_difference_metric[False-array-2-2-int64]" time="0.004" /><testcase classname="imbens.metrics.tests.test_pairwise" name="test_value_difference_metric[False-array-2-2-float32]" time="0.004" /><testcase classname="imbens.metrics.tests.test_pairwise" name="test_value_difference_metric[False-array-2-2-float64]" time="0.007" /><testcase classname="imbens.metrics.tests.test_pairwise" name="test_value_difference_metric_property[True-list-1-1-int32]" time="0.004" /><testcase classname="imbens.metrics.tests.test_pairwise" name="test_value_difference_metric_property[True-list-1-1-int64]" time="0.004" /><testcase classname="imbens.metrics.tests.test_pairwise" name="test_value_difference_metric_property[True-list-1-1-float32]" time="0.005" /><testcase classname="imbens.metrics.tests.test_pairwise" name="test_value_difference_metric_property[True-list-1-1-float64]" time="0.004" /><testcase classname="imbens.metrics.tests.test_pairwise" name="test_value_difference_metric_property[True-list-1-2-int32]" time="0.004" /><testcase classname="imbens.metrics.tests.test_pairwise" name="test_value_difference_metric_property[True-list-1-2-int64]" time="0.005" /><testcase classname="imbens.metrics.tests.test_pairwise" name="test_value_difference_metric_property[True-list-1-2-float32]" time="0.004" /><testcase classname="imbens.metrics.tests.test_pairwise" name="test_value_difference_metric_property[True-list-1-2-float64]" time="0.004" /><testcase classname="imbens.metrics.tests.test_pairwise" name="test_value_difference_metric_property[True-list-2-1-int32]" time="0.005" /><testcase classname="imbens.metrics.tests.test_pairwise" name="test_value_difference_metric_property[True-list-2-1-int64]" time="0.004" /><testcase classname="imbens.metrics.tests.test_pairwise" name="test_value_difference_metric_property[True-list-2-1-float32]" time="0.005" /><testcase classname="imbens.metrics.tests.test_pairwise" name="test_value_difference_metric_property[True-list-2-1-float64]" time="0.005" /><testcase classname="imbens.metrics.tests.test_pairwise" name="test_value_difference_metric_property[True-list-2-2-int32]" time="0.006" /><testcase classname="imbens.metrics.tests.test_pairwise" name="test_value_difference_metric_property[True-list-2-2-int64]" time="0.004" /><testcase classname="imbens.metrics.tests.test_pairwise" name="test_value_difference_metric_property[True-list-2-2-float32]" time="0.004" /><testcase classname="imbens.metrics.tests.test_pairwise" name="test_value_difference_metric_property[True-list-2-2-float64]" time="0.005" /><testcase classname="imbens.metrics.tests.test_pairwise" name="test_value_difference_metric_property[True-array-1-1-int32]" time="0.004" /><testcase classname="imbens.metrics.tests.test_pairwise" name="test_value_difference_metric_property[True-array-1-1-int64]" time="0.004" /><testcase classname="imbens.metrics.tests.test_pairwise" name="test_value_difference_metric_property[True-array-1-1-float32]" time="0.005" /><testcase classname="imbens.metrics.tests.test_pairwise" name="test_value_difference_metric_property[True-array-1-1-float64]" time="0.004" /><testcase classname="imbens.metrics.tests.test_pairwise" name="test_value_difference_metric_property[True-array-1-2-int32]" time="0.004" /><testcase classname="imbens.metrics.tests.test_pairwise" name="test_value_difference_metric_property[True-array-1-2-int64]" time="0.004" /><testcase classname="imbens.metrics.tests.test_pairwise" name="test_value_difference_metric_property[True-array-1-2-float32]" time="0.006" /><testcase classname="imbens.metrics.tests.test_pairwise" name="test_value_difference_metric_property[True-array-1-2-float64]" time="0.004" /><testcase classname="imbens.metrics.tests.test_pairwise" name="test_value_difference_metric_property[True-array-2-1-int32]" time="0.006" /><testcase classname="imbens.metrics.tests.test_pairwise" name="test_value_difference_metric_property[True-array-2-1-int64]" time="0.006" /><testcase classname="imbens.metrics.tests.test_pairwise" name="test_value_difference_metric_property[True-array-2-1-float32]" time="0.005" /><testcase classname="imbens.metrics.tests.test_pairwise" name="test_value_difference_metric_property[True-array-2-1-float64]" time="0.005" /><testcase classname="imbens.metrics.tests.test_pairwise" name="test_value_difference_metric_property[True-array-2-2-int32]" time="0.005" /><testcase classname="imbens.metrics.tests.test_pairwise" name="test_value_difference_metric_property[True-array-2-2-int64]" time="0.004" /><testcase classname="imbens.metrics.tests.test_pairwise" name="test_value_difference_metric_property[True-array-2-2-float32]" time="0.004" /><testcase classname="imbens.metrics.tests.test_pairwise" name="test_value_difference_metric_property[True-array-2-2-float64]" time="0.005" /><testcase classname="imbens.metrics.tests.test_pairwise" name="test_value_difference_metric_property[False-list-1-1-int32]" time="0.004" /><testcase classname="imbens.metrics.tests.test_pairwise" name="test_value_difference_metric_property[False-list-1-1-int64]" time="0.005" /><testcase classname="imbens.metrics.tests.test_pairwise" name="test_value_difference_metric_property[False-list-1-1-float32]" time="0.009" /><testcase classname="imbens.metrics.tests.test_pairwise" name="test_value_difference_metric_property[False-list-1-1-float64]" time="0.004" /><testcase classname="imbens.metrics.tests.test_pairwise" name="test_value_difference_metric_property[False-list-1-2-int32]" time="0.004" /><testcase classname="imbens.metrics.tests.test_pairwise" name="test_value_difference_metric_property[False-list-1-2-int64]" time="0.004" /><testcase classname="imbens.metrics.tests.test_pairwise" name="test_value_difference_metric_property[False-list-1-2-float32]" time="0.008" /><testcase classname="imbens.metrics.tests.test_pairwise" name="test_value_difference_metric_property[False-list-1-2-float64]" time="0.004" /><testcase classname="imbens.metrics.tests.test_pairwise" name="test_value_difference_metric_property[False-list-2-1-int32]" time="0.004" /><testcase classname="imbens.metrics.tests.test_pairwise" name="test_value_difference_metric_property[False-list-2-1-int64]" time="0.005" /><testcase classname="imbens.metrics.tests.test_pairwise" name="test_value_difference_metric_property[False-list-2-1-float32]" time="0.004" /><testcase classname="imbens.metrics.tests.test_pairwise" name="test_value_difference_metric_property[False-list-2-1-float64]" time="0.006" /><testcase classname="imbens.metrics.tests.test_pairwise" name="test_value_difference_metric_property[False-list-2-2-int32]" time="0.004" /><testcase classname="imbens.metrics.tests.test_pairwise" name="test_value_difference_metric_property[False-list-2-2-int64]" time="0.004" /><testcase classname="imbens.metrics.tests.test_pairwise" name="test_value_difference_metric_property[False-list-2-2-float32]" time="0.004" /><testcase classname="imbens.metrics.tests.test_pairwise" name="test_value_difference_metric_property[False-list-2-2-float64]" time="0.004" /><testcase classname="imbens.metrics.tests.test_pairwise" name="test_value_difference_metric_property[False-array-1-1-int32]" time="0.004" /><testcase classname="imbens.metrics.tests.test_pairwise" name="test_value_difference_metric_property[False-array-1-1-int64]" time="0.004" /><testcase classname="imbens.metrics.tests.test_pairwise" name="test_value_difference_metric_property[False-array-1-1-float32]" time="0.007" /><testcase classname="imbens.metrics.tests.test_pairwise" name="test_value_difference_metric_property[False-array-1-1-float64]" time="0.004" /><testcase classname="imbens.metrics.tests.test_pairwise" name="test_value_difference_metric_property[False-array-1-2-int32]" time="0.006" /><testcase classname="imbens.metrics.tests.test_pairwise" name="test_value_difference_metric_property[False-array-1-2-int64]" time="0.004" /><testcase classname="imbens.metrics.tests.test_pairwise" name="test_value_difference_metric_property[False-array-1-2-float32]" time="0.004" /><testcase classname="imbens.metrics.tests.test_pairwise" name="test_value_difference_metric_property[False-array-1-2-float64]" time="0.005" /><testcase classname="imbens.metrics.tests.test_pairwise" name="test_value_difference_metric_property[False-array-2-1-int32]" time="0.004" /><testcase classname="imbens.metrics.tests.test_pairwise" name="test_value_difference_metric_property[False-array-2-1-int64]" time="0.006" /><testcase classname="imbens.metrics.tests.test_pairwise" name="test_value_difference_metric_property[False-array-2-1-float32]" time="0.004" /><testcase classname="imbens.metrics.tests.test_pairwise" name="test_value_difference_metric_property[False-array-2-1-float64]" time="0.004" /><testcase classname="imbens.metrics.tests.test_pairwise" name="test_value_difference_metric_property[False-array-2-2-int32]" time="0.004" /><testcase classname="imbens.metrics.tests.test_pairwise" name="test_value_difference_metric_property[False-array-2-2-int64]" time="0.004" /><testcase classname="imbens.metrics.tests.test_pairwise" name="test_value_difference_metric_property[False-array-2-2-float32]" time="0.005" /><testcase classname="imbens.metrics.tests.test_pairwise" name="test_value_difference_metric_property[False-array-2-2-float64]" time="0.005" /><testcase classname="imbens.metrics.tests.test_pairwise" name="test_value_difference_metric_categories" time="0.003" /><testcase classname="imbens.metrics.tests.test_pairwise" name="test_value_difference_metric_categories_error" time="0.003" /><testcase classname="imbens.metrics.tests.test_pairwise" name="test_value_difference_metric_missing_categories" time="0.004" /><testcase classname="imbens.metrics.tests.test_pairwise" name="test_value_difference_value_unfitted" time="0.002" /><testcase classname="imbens.metrics.tests.test_score_objects" name="test_scorer_common_average[macro-sensitivity_score-0.92]" time="0.028" /><testcase classname="imbens.metrics.tests.test_score_objects" name="test_scorer_common_average[macro-specificity_score-0.92]" time="0.019" /><testcase classname="imbens.metrics.tests.test_score_objects" name="test_scorer_common_average[macro-geometric_mean_score-0.92]" time="0.020" /><testcase classname="imbens.metrics.tests.test_score_objects" name="test_scorer_common_average[macro-geometric_mean_score-0.85]" time="0.024" /><testcase classname="imbens.metrics.tests.test_score_objects" name="test_scorer_common_average[weighted-sensitivity_score-0.92]" time="0.020" /><testcase classname="imbens.metrics.tests.test_score_objects" name="test_scorer_common_average[weighted-specificity_score-0.92]" time="0.019" /><testcase classname="imbens.metrics.tests.test_score_objects" name="test_scorer_common_average[weighted-geometric_mean_score-0.92]" time="0.020" /><testcase classname="imbens.metrics.tests.test_score_objects" name="test_scorer_common_average[weighted-geometric_mean_score-0.85]" time="0.030" /><testcase classname="imbens.metrics.tests.test_score_objects" name="test_scorer_common_average[micro-sensitivity_score-0.92]" time="0.022" /><testcase classname="imbens.metrics.tests.test_score_objects" name="test_scorer_common_average[micro-specificity_score-0.92]" time="0.025" /><testcase classname="imbens.metrics.tests.test_score_objects" name="test_scorer_common_average[micro-geometric_mean_score-0.92]" time="0.019" /><testcase classname="imbens.metrics.tests.test_score_objects" name="test_scorer_common_average[micro-geometric_mean_score-0.85]" time="0.024" /><testcase classname="imbens.metrics.tests.test_score_objects" name="test_scorer_default_average[sensitivity_score-binary-0.92]" time="0.020" /><testcase classname="imbens.metrics.tests.test_score_objects" name="test_scorer_default_average[specificity_score-binary-0.95]" time="0.019" /><testcase classname="imbens.metrics.tests.test_score_objects" name="test_scorer_default_average[geometric_mean_score-multiclass-0.92]" time="0.019" /><testcase classname="imbens.metrics.tests.test_score_objects" name="test_scorer_default_average[geometric_mean_score-multiclass-0.84]" time="0.025" /></testsuite></testsuites>